#
# A fatal error has been detected by the Java Runtime Environment:
#
#  EXCEPTION_ACCESS_VIOLATION (0xc0000005) at pc=0x00007ffd6af611fd, pid=6756, tid=16844
#
# JRE version: Java(TM) SE Runtime Environment 18.9 (11.0.9+7) (build 11.0.9+7-LTS)
# Java VM: Java HotSpot(TM) 64-Bit Server VM 18.9 (11.0.9+7-LTS, mixed mode, tiered, compressed oops, g1 gc, windows-amd64)
# Problematic frame:
# V  [jvm.dll+0x2d11fd]
#
# No core dump will be written. Minidumps are not enabled by default on client versions of Windows
#
# If you would like to submit a bug report, please visit:
#   https://bugreport.java.com/bugreport/crash.jsp
#

---------------  S U M M A R Y ------------

Command Line: -javaagent:C:\Program Files\JetBrains\IntelliJ IDEA Community Edition 2020.3\lib\idea_rt.jar=53191:C:\Program Files\JetBrains\IntelliJ IDEA Community Edition 2020.3\bin -Dfile.encoding=UTF-8 com.isaproject.isaproject.IsaprojectApplication

Host: Intel(R) Core(TM) i5-7200U CPU @ 2.50GHz, 4 cores, 5G,  Windows 10 , 64 bit Build 18362 (10.0.18362.1316)
Time: Sat Jan 16 19:04:01 2021 Central Europe Standard Time elapsed time: 12.270635 seconds (0d 0h 0m 12s)

---------------  T H R E A D  ---------------

Current thread (0x000001bfc0998000):  GCTaskThread "GC Thread#2" [stack: 0x00000020f7b00000,0x00000020f7c00000] [id=16844]

Stack: [0x00000020f7b00000,0x00000020f7c00000],  sp=0x00000020f7bff040,  free space=1020k
Native frames: (J=compiled Java code, j=interpreted, Vv=VM code, C=native code)
V  [jvm.dll+0x2d11fd]
V  [jvm.dll+0x2f7f1f]
V  [jvm.dll+0x2f8e69]
V  [jvm.dll+0x2f735d]
V  [jvm.dll+0x304eae]
V  [jvm.dll+0x3038ce]
V  [jvm.dll+0x2ac340]
V  [jvm.dll+0x2ac261]
V  [jvm.dll+0x2d7405]
V  [jvm.dll+0x303f66]
V  [jvm.dll+0x2d9976]
V  [jvm.dll+0x775660]
V  [jvm.dll+0x709114]
V  [jvm.dll+0x610cb6]
C  [ucrtbase.dll+0x210b2]
C  [KERNEL32.DLL+0x17c24]
C  [ntdll.dll+0x6d4d1]


siginfo: EXCEPTION_ACCESS_VIOLATION (0xc0000005), reading address 0x00000000000000f8


Register to memory mapping:

RIP=0x00007ffd6af611fd jvm.dll
RAX=0x000001bf9f759cd0 points into unknown readable memory: 00 00 00 00 00 00 00 00
RBX=0x000001bfc3d62950 points into unknown readable memory: e8 fa 4d 6b fd 7f 00 00
RCX=0x0000000000000014 is an unknown value
RDX=0x0 is NULL
RSP=0x00000020f7bff040 points into unknown readable memory: 93 1f 00 00 00 00 00 00
RBP=0x000001bfc3d62ac0 points into unknown readable memory: a0 fa 4d 6b fd 7f 00 00
RSI=0x000000010002d788 is pointing into metadata
RDI=0x00000000a2a2d3f8 is pointing into object: java.util.HashMap$Node 
{0x00000000a2a2d3e8} - klass: 'java/util/HashMap$Node'
R8 =0x00000000a2a2d400 is pointing into object: java.util.HashMap$Node 
{0x00000000a2a2d3e8} - klass: 'java/util/HashMap$Node'
R9 =0x0000000000000008 is an unknown value
R10=0x00000000a2a2d400 is pointing into object: java.util.HashMap$Node 
{0x00000000a2a2d3e8} - klass: 'java/util/HashMap$Node'
R11=0x000001bfc3d62ac0 points into unknown readable memory: a0 fa 4d 6b fd 7f 00 00
R12=0x0000000000000001 is an unknown value
R13=0x0000000000000004 is an unknown value
R14=0x000000010002d788 is pointing into metadata
R15=0x00000000a2a2d3e8 is an oop: java.util.HashMap$Node 
{0x00000000a2a2d3e8} - klass: 'java/util/HashMap$Node'


Registers:
RAX=0x000001bf9f759cd0, RBX=0x000001bfc3d62950, RCX=0x0000000000000014, RDX=0x0000000000000000
RSP=0x00000020f7bff040, RBP=0x000001bfc3d62ac0, RSI=0x000000010002d788, RDI=0x00000000a2a2d3f8
R8 =0x00000000a2a2d400, R9 =0x0000000000000008, R10=0x00000000a2a2d400, R11=0x000001bfc3d62ac0
R12=0x0000000000000001, R13=0x0000000000000004, R14=0x000000010002d788, R15=0x00000000a2a2d3e8
RIP=0x00007ffd6af611fd, EFLAGS=0x0000000000010202

Top of Stack: (sp=0x00000020f7bff040)
0x00000020f7bff040:   0000000000001f93 00000000a2a2d39d
0x00000020f7bff050:   00000020f7bff138 00000000a2a2d349
0x00000020f7bff060:   00000000a2a2d400 00007ffd6af87f1f
0x00000020f7bff070:   00000000a2a2d39c 00007ffd6af890e2
0x00000020f7bff080:   00000000a2a2d348 00000000a3713e10
0x00000020f7bff090:   000000000000000d 00000000a3714498
0x00000020f7bff0a0:   0000000000000001 00007ffd6af88e69
0x00000020f7bff0b0:   0000000000000002 000001bfc3d62950
0x00000020f7bff0c0:   00000000a2a2d3e8 0000000000000064
0x00000020f7bff0d0:   0000000000000064 0000000000020000
0x00000020f7bff0e0:   00000005a2a050a8 00007ffd6af630a8
0x00000020f7bff0f0:   000001bfc3d62950 0000000000000040
0x00000020f7bff100:   000001bf9f7508d8 00000020f7bff398
0x00000020f7bff110:   0000000000000000 000001bf9f7508d0
0x00000020f7bff120:   0000000000000100 00007ffd6af8735d
0x00000020f7bff130:   000001bfc3d62950 000001bf9f750800 

Instructions: (pc=0x00007ffd6af611fd)
0x00007ffd6af611dd:   8b d9 d1 e8 a8 01 75 6b 48 8b 41 08 8b 88 c0 02
0x00007ffd6af611ed:   00 00 48 8b 80 b0 02 00 00 49 d3 e9 4a 8b 14 c8
0x00007ffd6af611fd:   48 8b 82 f8 00 00 00 83 b8 18 01 00 00 00 74 43
0x00007ffd6af6120d:   48 8b 4b 50 48 89 7c 24 30 49 c1 e8 09 48 8b 79 


Stack slot to memory mapping:
stack at sp + 0 slots: 0x0000000000001f93 is an unknown value
stack at sp + 1 slots: 0x00000000a2a2d39d is pointing into object: java.lang.String 
{0x00000000a2a2d390} - klass: 'java/lang/String'
stack at sp + 2 slots: 0x00000020f7bff138 points into unknown readable memory: 00 08 75 9f bf 01 00 00
stack at sp + 3 slots: 0x00000000a2a2d349 is pointing into object: [Ljava.util.HashMap$Node; 
{0x00000000a2a2d338} - klass: 'java/util/HashMap$Node'[]
 - length: 2
stack at sp + 4 slots: 0x00000000a2a2d400 is pointing into object: java.util.HashMap$Node 
{0x00000000a2a2d3e8} - klass: 'java/util/HashMap$Node'
stack at sp + 5 slots: 0x00007ffd6af87f1f jvm.dll
stack at sp + 6 slots: 0x00000000a2a2d39c is pointing into object: java.lang.String 
{0x00000000a2a2d390} - klass: 'java/lang/String'
stack at sp + 7 slots: 0x00007ffd6af890e2 jvm.dll


---------------  P R O C E S S  ---------------

Threads class SMR info:
_java_thread_list=0x000001bfc3acf080, length=18, elements={
0x000001bf9f737800, 0x000001bfbe847000, 0x000001bfbe86b800, 0x000001bfbf202800,
0x000001bfbe880000, 0x000001bfbe883000, 0x000001bfbe887000, 0x000001bfbe88b000,
0x000001bf9f7f5000, 0x000001bfbf764000, 0x000001bfbf765800, 0x000001bfbfdbd800,
0x000001bfc024f800, 0x000001bfc0934000, 0x000001bfc2120800, 0x000001bfc47ae000,
0x000001bfc4b50800, 0x000001bfc4e41800
}

Java Threads: ( => current thread )
  0x000001bf9f737800 JavaThread "main" [_thread_blocked, id=4216, stack(0x00000020f6400000,0x00000020f6500000)]
  0x000001bfbe847000 JavaThread "Reference Handler" daemon [_thread_blocked, id=656, stack(0x00000020f6b00000,0x00000020f6c00000)]
  0x000001bfbe86b800 JavaThread "Finalizer" daemon [_thread_blocked, id=16364, stack(0x00000020f6c00000,0x00000020f6d00000)]
  0x000001bfbf202800 JavaThread "Signal Dispatcher" daemon [_thread_blocked, id=10140, stack(0x00000020f6d00000,0x00000020f6e00000)]
  0x000001bfbe880000 JavaThread "Attach Listener" daemon [_thread_blocked, id=16128, stack(0x00000020f6e00000,0x00000020f6f00000)]
  0x000001bfbe883000 JavaThread "C2 CompilerThread0" daemon [_thread_blocked, id=17256, stack(0x00000020f6f00000,0x00000020f7000000)]
  0x000001bfbe887000 JavaThread "C1 CompilerThread0" daemon [_thread_blocked, id=12456, stack(0x00000020f7000000,0x00000020f7100000)]
  0x000001bfbe88b000 JavaThread "Sweeper thread" daemon [_thread_blocked, id=9716, stack(0x00000020f7100000,0x00000020f7200000)]
  0x000001bf9f7f5000 JavaThread "Common-Cleaner" daemon [_thread_blocked, id=18068, stack(0x00000020f7200000,0x00000020f7300000)]
  0x000001bfbf764000 JavaThread "Monitor Ctrl-Break" daemon [_thread_in_native, id=7960, stack(0x00000020f7400000,0x00000020f7500000)]
  0x000001bfbf765800 JavaThread "Service Thread" daemon [_thread_blocked, id=13440, stack(0x00000020f7500000,0x00000020f7600000)]
  0x000001bfbfdbd800 JavaThread "Thread-0" [_thread_blocked, id=14360, stack(0x00000020f7900000,0x00000020f7a00000)]
  0x000001bfc024f800 JavaThread "restartedMain" [_thread_blocked, id=14232, stack(0x00000020f7a00000,0x00000020f7b00000)]
  0x000001bfc0934000 JavaThread "C2 CompilerThread1" daemon [_thread_blocked, id=17156, stack(0x00000020f7300000,0x00000020f7400000)]
  0x000001bfc2120800 JavaThread "Catalina-utility-1" [_thread_blocked, id=12668, stack(0x00000020f7d00000,0x00000020f7e00000)]
  0x000001bfc47ae000 JavaThread "Catalina-utility-2" [_thread_blocked, id=9640, stack(0x00000020f7e00000,0x00000020f7f00000)]
  0x000001bfc4b50800 JavaThread "container-0" [_thread_blocked, id=7568, stack(0x00000020f7f00000,0x00000020f8000000)]
  0x000001bfc4e41800 JavaThread "task-1" [_thread_blocked, id=16760, stack(0x00000020f8000000,0x00000020f8100000)]

Other Threads:
  0x000001bfbe843800 VMThread "VM Thread" [stack: 0x00000020f6a00000,0x00000020f6b00000] [id=14188]
  0x000001bfbf9a2800 WatcherThread [stack: 0x00000020f7600000,0x00000020f7700000] [id=12312]
  0x000001bf9f74f000 GCTaskThread "GC Thread#0" [stack: 0x00000020f6500000,0x00000020f6600000] [id=14300]
  0x000001bfbfa74000 GCTaskThread "GC Thread#1" [stack: 0x00000020f7700000,0x00000020f7800000] [id=18168]
=>0x000001bfc0998000 GCTaskThread "GC Thread#2" [stack: 0x00000020f7b00000,0x00000020f7c00000] [id=16844]
  0x000001bfc0999000 GCTaskThread "GC Thread#3" [stack: 0x00000020f7c00000,0x00000020f7d00000] [id=7460]
  0x000001bf9f774800 ConcurrentGCThread "G1 Main Marker" [stack: 0x00000020f6600000,0x00000020f6700000] [id=620]
  0x000001bf9f777000 ConcurrentGCThread "G1 Conc#0" [stack: 0x00000020f6700000,0x00000020f6800000] [id=7932]
  0x000001bf9f7ea000 ConcurrentGCThread "G1 Refine#0" [stack: 0x00000020f6800000,0x00000020f6900000] [id=8816]
  0x000001bfbfaaa800 ConcurrentGCThread "G1 Refine#1" [stack: 0x00000020f7800000,0x00000020f7900000] [id=14788]
  0x000001bf9f7ec000 ConcurrentGCThread "G1 Young RemSet Sampling" [stack: 0x00000020f6900000,0x00000020f6a00000] [id=11908]

Threads with active compile tasks:
C2 CompilerThread0  12352 4760   !   4       org.springframework.util.ClassUtils::getMostSpecificMethod (72 bytes)
C2 CompilerThread1  12352 4807       4       sun.security.provider.ByteArrayAccess::i2bBig (204 bytes)

VM state:at safepoint (normal execution)

VM Mutex/Monitor currently owned by a thread:  ([mutex/lock_event])
[0x000001bf9f733bd0] Threads_lock - owner thread: 0x000001bfbe843800
[0x000001bf9f733510] Heap_lock - owner thread: 0x000001bfc4e41800

Heap address: 0x00000000a1600000, size: 1514 MB, Compressed Oops mode: 32-bit
Narrow klass base: 0x0000000000000000, Narrow klass shift: 3
Compressed class space size: 1073741824 Address: 0x0000000100000000

Heap:
 garbage-first heap   total 98304K, used 75403K [0x00000000a1600000, 0x0000000100000000)
  region size 1024K, 53 young (54272K), 4 survivors (4096K)
 Metaspace       used 52498K, capacity 53833K, committed 54096K, reserved 1095680K
  class space    used 6538K, capacity 7059K, committed 7168K, reserved 1048576K
Heap Regions: E=young(eden), S=young(survivor), O=old, HS=humongous(starts), HC=humongous(continues), CS=collection set, F=free, A=archive, TAMS=top-at-mark-start (previous, next)
|   0|0x00000000a1600000, 0x00000000a1700000, 0x00000000a1700000|100%|HS|  |TAMS 0x00000000a1700000, 0x00000000a1600000| Complete 
|   1|0x00000000a1700000, 0x00000000a1800000, 0x00000000a1800000|100%| O|  |TAMS 0x00000000a1800000, 0x00000000a1700000| Untracked 
|   2|0x00000000a1800000, 0x00000000a1900000, 0x00000000a1900000|100%| O|  |TAMS 0x00000000a1900000, 0x00000000a1800000| Untracked 
|   3|0x00000000a1900000, 0x00000000a1a00000, 0x00000000a1a00000|100%| O|  |TAMS 0x00000000a1a00000, 0x00000000a1900000| Untracked 
|   4|0x00000000a1a00000, 0x00000000a1b00000, 0x00000000a1b00000|100%| O|  |TAMS 0x00000000a1b00000, 0x00000000a1a00000| Untracked 
|   5|0x00000000a1b00000, 0x00000000a1c00000, 0x00000000a1c00000|100%| O|  |TAMS 0x00000000a1c00000, 0x00000000a1b00000| Untracked 
|   6|0x00000000a1c00000, 0x00000000a1d00000, 0x00000000a1d00000|100%| O|  |TAMS 0x00000000a1d00000, 0x00000000a1c00000| Untracked 
|   7|0x00000000a1d00000, 0x00000000a1e00000, 0x00000000a1e00000|100%| O|  |TAMS 0x00000000a1e00000, 0x00000000a1d00000| Untracked 
|   8|0x00000000a1e00000, 0x00000000a1f00000, 0x00000000a1f00000|100%| O|  |TAMS 0x00000000a1f00000, 0x00000000a1e00000| Untracked 
|   9|0x00000000a1f00000, 0x00000000a2000000, 0x00000000a2000000|100%| O|  |TAMS 0x00000000a2000000, 0x00000000a1f00000| Untracked 
|  10|0x00000000a2000000, 0x00000000a2100000, 0x00000000a2100000|100%| O|  |TAMS 0x00000000a20f4000, 0x00000000a2000000| Untracked 
|  11|0x00000000a2100000, 0x00000000a2200000, 0x00000000a2200000|100%| O|  |TAMS 0x00000000a2100000, 0x00000000a2100000| Untracked 
|  12|0x00000000a2200000, 0x00000000a2300000, 0x00000000a2300000|100%| O|  |TAMS 0x00000000a2200000, 0x00000000a2200000| Untracked 
|  13|0x00000000a2300000, 0x00000000a2400000, 0x00000000a2400000|100%| O|  |TAMS 0x00000000a2300000, 0x00000000a2300000| Untracked 
|  14|0x00000000a2400000, 0x00000000a2500000, 0x00000000a2500000|100%| O|  |TAMS 0x00000000a2400000, 0x00000000a2400000| Untracked 
|  15|0x00000000a2500000, 0x00000000a2600000, 0x00000000a2600000|100%| O|  |TAMS 0x00000000a2500000, 0x00000000a2500000| Untracked 
|  16|0x00000000a2600000, 0x00000000a2700000, 0x00000000a2700000|100%| O|  |TAMS 0x00000000a2600000, 0x00000000a2600000| Untracked 
|  17|0x00000000a2700000, 0x00000000a2800000, 0x00000000a2800000|100%| O|  |TAMS 0x00000000a2700000, 0x00000000a2700000| Untracked 
|  18|0x00000000a2800000, 0x00000000a2900000, 0x00000000a2900000|100%| O|  |TAMS 0x00000000a2800000, 0x00000000a2800000| Untracked 
|  19|0x00000000a2900000, 0x00000000a2a00000, 0x00000000a2a00000|100%| O|  |TAMS 0x00000000a2900000, 0x00000000a2900000| Untracked 
|  20|0x00000000a2a00000, 0x00000000a2b00000, 0x00000000a2b00000|100%| O|  |TAMS 0x00000000a2a00000, 0x00000000a2a00000| Untracked 
|  21|0x00000000a2b00000, 0x00000000a2c00000, 0x00000000a2c00000|100%| O|  |TAMS 0x00000000a2b00000, 0x00000000a2b00000| Untracked 
|  22|0x00000000a2c00000, 0x00000000a2d00000, 0x00000000a2d00000|100%| O|  |TAMS 0x00000000a2c00000, 0x00000000a2c00000| Untracked 
|  23|0x00000000a2d00000, 0x00000000a2e00000, 0x00000000a2e00000|100%| O|  |TAMS 0x00000000a2d00000, 0x00000000a2d00000| Untracked 
|  24|0x00000000a2e00000, 0x00000000a2e1f930, 0x00000000a2f00000| 12%| O|  |TAMS 0x00000000a2e00000, 0x00000000a2e00000| Untracked 
|  25|0x00000000a2f00000, 0x00000000a2f00000, 0x00000000a3000000|  0%| F|  |TAMS 0x00000000a2f00000, 0x00000000a2f00000| Untracked 
|  26|0x00000000a3000000, 0x00000000a3000000, 0x00000000a3100000|  0%| F|  |TAMS 0x00000000a3000000, 0x00000000a3000000| Untracked 
|  27|0x00000000a3100000, 0x00000000a3100000, 0x00000000a3200000|  0%| F|  |TAMS 0x00000000a3100000, 0x00000000a3100000| Untracked 
|  28|0x00000000a3200000, 0x00000000a3200000, 0x00000000a3300000|  0%| F|  |TAMS 0x00000000a3200000, 0x00000000a3200000| Untracked 
|  29|0x00000000a3300000, 0x00000000a3300000, 0x00000000a3400000|  0%| F|  |TAMS 0x00000000a3300000, 0x00000000a3300000| Untracked 
|  30|0x00000000a3400000, 0x00000000a3400000, 0x00000000a3500000|  0%| F|  |TAMS 0x00000000a3400000, 0x00000000a3400000| Untracked 
|  31|0x00000000a3500000, 0x00000000a35df140, 0x00000000a3600000| 87%| E|CS|TAMS 0x00000000a3500000, 0x00000000a3500000| Complete 
|  32|0x00000000a3600000, 0x00000000a3700000, 0x00000000a3700000|100%| E|CS|TAMS 0x00000000a3600000, 0x00000000a3600000| Complete 
|  33|0x00000000a3700000, 0x00000000a3800000, 0x00000000a3800000|100%| E|CS|TAMS 0x00000000a3700000, 0x00000000a3700000| Complete 
|  34|0x00000000a3800000, 0x00000000a3900000, 0x00000000a3900000|100%| E|CS|TAMS 0x00000000a3800000, 0x00000000a3800000| Complete 
|  35|0x00000000a3900000, 0x00000000a3900000, 0x00000000a3a00000|  0%| F|  |TAMS 0x00000000a3900000, 0x00000000a3900000| Untracked 
|  36|0x00000000a3a00000, 0x00000000a3a00000, 0x00000000a3b00000|  0%| F|  |TAMS 0x00000000a3a00000, 0x00000000a3a00000| Untracked 
|  37|0x00000000a3b00000, 0x00000000a3b00000, 0x00000000a3c00000|  0%| F|  |TAMS 0x00000000a3b00000, 0x00000000a3b00000| Untracked 
|  38|0x00000000a3c00000, 0x00000000a3c00000, 0x00000000a3d00000|  0%| F|  |TAMS 0x00000000a3c00000, 0x00000000a3c00000| Untracked 
|  39|0x00000000a3d00000, 0x00000000a3e00000, 0x00000000a3e00000|100%| E|CS|TAMS 0x00000000a3d00000, 0x00000000a3d00000| Complete 
|  40|0x00000000a3e00000, 0x00000000a3f00000, 0x00000000a3f00000|100%| E|CS|TAMS 0x00000000a3e00000, 0x00000000a3e00000| Complete 
|  41|0x00000000a3f00000, 0x00000000a4000000, 0x00000000a4000000|100%| E|CS|TAMS 0x00000000a3f00000, 0x00000000a3f00000| Complete 
|  42|0x00000000a4000000, 0x00000000a4100000, 0x00000000a4100000|100%| E|CS|TAMS 0x00000000a4000000, 0x00000000a4000000| Complete 
|  43|0x00000000a4100000, 0x00000000a4153d50, 0x00000000a4200000| 32%| S|  |TAMS 0x00000000a4100000, 0x00000000a4100000| Complete 
|  44|0x00000000a4200000, 0x00000000a4300000, 0x00000000a4300000|100%| S|  |TAMS 0x00000000a4200000, 0x00000000a4200000| Complete 
|  45|0x00000000a4300000, 0x00000000a4400000, 0x00000000a4400000|100%| S|  |TAMS 0x00000000a4300000, 0x00000000a4300000| Complete 
|  46|0x00000000a4400000, 0x00000000a4500000, 0x00000000a4500000|100%| S|  |TAMS 0x00000000a4400000, 0x00000000a4400000| Complete 
|  47|0x00000000a4500000, 0x00000000a4600000, 0x00000000a4600000|100%| E|CS|TAMS 0x00000000a4500000, 0x00000000a4500000| Complete 
|  48|0x00000000a4600000, 0x00000000a4700000, 0x00000000a4700000|100%| E|CS|TAMS 0x00000000a4600000, 0x00000000a4600000| Complete 
|  49|0x00000000a4700000, 0x00000000a4800000, 0x00000000a4800000|100%| E|CS|TAMS 0x00000000a4700000, 0x00000000a4700000| Complete 
|  50|0x00000000a4800000, 0x00000000a4900000, 0x00000000a4900000|100%| E|CS|TAMS 0x00000000a4800000, 0x00000000a4800000| Complete 
|  51|0x00000000a4900000, 0x00000000a4a00000, 0x00000000a4a00000|100%| E|CS|TAMS 0x00000000a4900000, 0x00000000a4900000| Complete 
|  52|0x00000000a4a00000, 0x00000000a4b00000, 0x00000000a4b00000|100%| E|CS|TAMS 0x00000000a4a00000, 0x00000000a4a00000| Complete 
|  53|0x00000000a4b00000, 0x00000000a4c00000, 0x00000000a4c00000|100%| E|CS|TAMS 0x00000000a4b00000, 0x00000000a4b00000| Complete 
|  54|0x00000000a4c00000, 0x00000000a4d00000, 0x00000000a4d00000|100%| E|CS|TAMS 0x00000000a4c00000, 0x00000000a4c00000| Complete 
|  55|0x00000000a4d00000, 0x00000000a4e00000, 0x00000000a4e00000|100%| E|CS|TAMS 0x00000000a4d00000, 0x00000000a4d00000| Complete 
|  56|0x00000000a4e00000, 0x00000000a4f00000, 0x00000000a4f00000|100%| E|CS|TAMS 0x00000000a4e00000, 0x00000000a4e00000| Complete 
|  57|0x00000000a4f00000, 0x00000000a5000000, 0x00000000a5000000|100%| E|CS|TAMS 0x00000000a4f00000, 0x00000000a4f00000| Complete 
|  58|0x00000000a5000000, 0x00000000a5100000, 0x00000000a5100000|100%| E|CS|TAMS 0x00000000a5000000, 0x00000000a5000000| Complete 
|  59|0x00000000a5100000, 0x00000000a5200000, 0x00000000a5200000|100%| E|CS|TAMS 0x00000000a5100000, 0x00000000a5100000| Complete 
|  60|0x00000000a5200000, 0x00000000a5300000, 0x00000000a5300000|100%| E|CS|TAMS 0x00000000a5200000, 0x00000000a5200000| Complete 
|  61|0x00000000a5300000, 0x00000000a5400000, 0x00000000a5400000|100%| E|CS|TAMS 0x00000000a5300000, 0x00000000a5300000| Complete 
|  62|0x00000000a5400000, 0x00000000a5500000, 0x00000000a5500000|100%| E|CS|TAMS 0x00000000a5400000, 0x00000000a5400000| Complete 
|  63|0x00000000a5500000, 0x00000000a5600000, 0x00000000a5600000|100%| E|CS|TAMS 0x00000000a5500000, 0x00000000a5500000| Complete 
|  64|0x00000000a5600000, 0x00000000a5700000, 0x00000000a5700000|100%| E|CS|TAMS 0x00000000a5600000, 0x00000000a5600000| Complete 
|  65|0x00000000a5700000, 0x00000000a5800000, 0x00000000a5800000|100%| E|CS|TAMS 0x00000000a5700000, 0x00000000a5700000| Complete 
|  66|0x00000000a5800000, 0x00000000a5900000, 0x00000000a5900000|100%| E|CS|TAMS 0x00000000a5800000, 0x00000000a5800000| Complete 
|  67|0x00000000a5900000, 0x00000000a5a00000, 0x00000000a5a00000|100%| E|CS|TAMS 0x00000000a5900000, 0x00000000a5900000| Complete 
|  68|0x00000000a5a00000, 0x00000000a5b00000, 0x00000000a5b00000|100%| E|CS|TAMS 0x00000000a5a00000, 0x00000000a5a00000| Complete 
|  69|0x00000000a5b00000, 0x00000000a5c00000, 0x00000000a5c00000|100%| E|CS|TAMS 0x00000000a5b00000, 0x00000000a5b00000| Complete 
|  70|0x00000000a5c00000, 0x00000000a5d00000, 0x00000000a5d00000|100%| E|CS|TAMS 0x00000000a5c00000, 0x00000000a5c00000| Complete 
|  71|0x00000000a5d00000, 0x00000000a5e00000, 0x00000000a5e00000|100%| E|CS|TAMS 0x00000000a5d00000, 0x00000000a5d00000| Complete 
|  72|0x00000000a5e00000, 0x00000000a5f00000, 0x00000000a5f00000|100%| E|CS|TAMS 0x00000000a5e00000, 0x00000000a5e00000| Complete 
|  73|0x00000000a5f00000, 0x00000000a6000000, 0x00000000a6000000|100%| E|CS|TAMS 0x00000000a5f00000, 0x00000000a5f00000| Complete 
|  74|0x00000000a6000000, 0x00000000a6100000, 0x00000000a6100000|100%| E|CS|TAMS 0x00000000a6000000, 0x00000000a6000000| Complete 
|  75|0x00000000a6100000, 0x00000000a6200000, 0x00000000a6200000|100%| E|CS|TAMS 0x00000000a6100000, 0x00000000a6100000| Complete 
|  76|0x00000000a6200000, 0x00000000a6300000, 0x00000000a6300000|100%| E|CS|TAMS 0x00000000a6200000, 0x00000000a6200000| Complete 
|  77|0x00000000a6300000, 0x00000000a6400000, 0x00000000a6400000|100%| E|CS|TAMS 0x00000000a6300000, 0x00000000a6300000| Complete 
|  78|0x00000000a6400000, 0x00000000a6500000, 0x00000000a6500000|100%| E|CS|TAMS 0x00000000a6400000, 0x00000000a6400000| Complete 
|  79|0x00000000a6500000, 0x00000000a6600000, 0x00000000a6600000|100%| E|CS|TAMS 0x00000000a6500000, 0x00000000a6500000| Complete 
|  80|0x00000000a6600000, 0x00000000a6700000, 0x00000000a6700000|100%| E|CS|TAMS 0x00000000a6600000, 0x00000000a6600000| Complete 
|  81|0x00000000a6700000, 0x00000000a6800000, 0x00000000a6800000|100%| E|CS|TAMS 0x00000000a6700000, 0x00000000a6700000| Complete 
|  82|0x00000000a6800000, 0x00000000a6900000, 0x00000000a6900000|100%| E|CS|TAMS 0x00000000a6800000, 0x00000000a6800000| Complete 
|  83|0x00000000a6900000, 0x00000000a6a00000, 0x00000000a6a00000|100%| E|CS|TAMS 0x00000000a6900000, 0x00000000a6900000| Complete 
|  84|0x00000000a6a00000, 0x00000000a6b00000, 0x00000000a6b00000|100%| E|CS|TAMS 0x00000000a6a00000, 0x00000000a6a00000| Complete 
|  85|0x00000000a6b00000, 0x00000000a6c00000, 0x00000000a6c00000|100%| E|CS|TAMS 0x00000000a6b00000, 0x00000000a6b00000| Complete 
|  86|0x00000000a6c00000, 0x00000000a6d00000, 0x00000000a6d00000|100%| E|CS|TAMS 0x00000000a6c00000, 0x00000000a6c00000| Complete 
|  87|0x00000000a6d00000, 0x00000000a6e00000, 0x00000000a6e00000|100%| E|CS|TAMS 0x00000000a6d00000, 0x00000000a6d00000| Complete 
|  88|0x00000000a6e00000, 0x00000000a6f00000, 0x00000000a6f00000|100%| E|CS|TAMS 0x00000000a6e00000, 0x00000000a6e00000| Complete 
|  89|0x00000000a6f00000, 0x00000000a7000000, 0x00000000a7000000|100%| E|CS|TAMS 0x00000000a6f00000, 0x00000000a6f00000| Complete 
|  90|0x00000000a7000000, 0x00000000a7100000, 0x00000000a7100000|100%| E|CS|TAMS 0x00000000a7000000, 0x00000000a7000000| Complete 
|  91|0x00000000a7100000, 0x00000000a7200000, 0x00000000a7200000|100%| E|CS|TAMS 0x00000000a7100000, 0x00000000a7100000| Complete 
|  92|0x00000000a7200000, 0x00000000a7300000, 0x00000000a7300000|100%| E|CS|TAMS 0x00000000a7200000, 0x00000000a7200000| Complete 
|  93|0x00000000a7300000, 0x00000000a7400000, 0x00000000a7400000|100%| E|CS|TAMS 0x00000000a7300000, 0x00000000a7300000| Complete 
|  94|0x00000000a7400000, 0x00000000a7500000, 0x00000000a7500000|100%| E|CS|TAMS 0x00000000a7400000, 0x00000000a7400000| Complete 
|  95|0x00000000a7500000, 0x00000000a7600000, 0x00000000a7600000|100%| E|CS|TAMS 0x00000000a7500000, 0x00000000a7500000| Complete 

Card table byte_map: [0x000001bfb8cd0000,0x000001bfb8fd0000] _byte_map_base: 0x000001bfb87c5000

Marking Bits (Prev, Next): (CMBitMap*) 0x000001bf9f76de58, (CMBitMap*) 0x000001bf9f76de90
 Prev Bits: [0x000001bfb92d0000, 0x000001bfbaa78000)
 Next Bits: [0x000001bfbaa80000, 0x000001bfbc228000)

Polling page: 0x000001bf9f800000

Metaspace:

Usage:
  Non-class:     45.68 MB capacity,    44.88 MB ( 98%) used,   652.21 KB (  1%) free+waste,   161.31 KB ( <1%) overhead. 
      Class:      6.89 MB capacity,     6.38 MB ( 93%) used,   445.69 KB (  6%) free+waste,    75.25 KB (  1%) overhead. 
       Both:     52.57 MB capacity,    51.27 MB ( 98%) used,     1.07 MB (  2%) free+waste,   236.56 KB ( <1%) overhead. 

Virtual space:
  Non-class space:       46.00 MB reserved,      45.83 MB (>99%) committed 
      Class space:        1.00 GB reserved,       7.00 MB ( <1%) committed 
             Both:        1.04 GB reserved,      52.83 MB (  5%) committed 

Chunk freelists:
   Non-Class:  3.25 KB
       Class:  1.63 KB
        Both:  4.88 KB

CodeHeap 'non-profiled nmethods': size=120064Kb used=2756Kb max_used=2756Kb free=117307Kb
 bounds [0x000001bfb0e70000, 0x000001bfb1130000, 0x000001bfb83b0000]
CodeHeap 'profiled nmethods': size=120000Kb used=10483Kb max_used=10483Kb free=109516Kb
 bounds [0x000001bfa9940000, 0x000001bfaa390000, 0x000001bfb0e70000]
CodeHeap 'non-nmethods': size=5696Kb used=1157Kb max_used=1208Kb free=4538Kb
 bounds [0x000001bfa93b0000, 0x000001bfa9620000, 0x000001bfa9940000]
 total_blobs=4991 nmethods=4500 adapters=402
 compilation: enabled
              stopped_count=0, restarted_count=0
 full_count=0

Compilation events (10 events):
Event: 12.207 Thread 0x000001bfbe887000 4803 % !   3       com.sun.crypto.provider.PBKDF2KeyImpl::deriveKey @ 191 (295 bytes)
Event: 12.209 Thread 0x000001bfbe887000 nmethod 4803% 0x000001bfaa37c790 code [0x000001bfaa37ca60, 0x000001bfaa37df60]
Event: 12.209 Thread 0x000001bfbe887000 4805       2       java.net.URL::getDefaultPort (8 bytes)
Event: 12.209 Thread 0x000001bfbe887000 nmethod 4805 0x000001bfaa37ec10 code [0x000001bfaa37edc0, 0x000001bfaa37ef50]
Event: 12.211 Thread 0x000001bfbe887000 4808   !   3       com.sun.crypto.provider.PBKDF2KeyImpl::deriveKey (295 bytes)
Event: 12.213 Thread 0x000001bfbe887000 nmethod 4808 0x000001bfaa37f010 code [0x000001bfaa37f2e0, 0x000001bfaa380240]
Event: 12.238 Thread 0x000001bfc0934000 nmethod 4802 0x000001bfb111fd90 code [0x000001bfb111ffa0, 0x000001bfb1120ad0]
Event: 12.238 Thread 0x000001bfc0934000 4806 %     4       java.util.Arrays::fill @ 5 (21 bytes)
Event: 12.243 Thread 0x000001bfc0934000 nmethod 4806% 0x000001bfb1121390 code [0x000001bfb1121520, 0x000001bfb1121718]
Event: 12.243 Thread 0x000001bfc0934000 4807       4       sun.security.provider.ByteArrayAccess::i2bBig (204 bytes)

GC Heap History (10 events):
Event: 8.460 GC heap after
{Heap after GC invocations=10 (full 0):
 garbage-first heap   total 98304K, used 16141K [0x00000000a1600000, 0x0000000100000000)
  region size 1024K, 5 young (5120K), 5 survivors (5120K)
 Metaspace       used 34831K, capacity 35778K, committed 35920K, reserved 1081344K
  class space    used 4118K, capacity 4513K, committed 4608K, reserved 1048576K
}
Event: 9.232 GC heap before
{Heap before GC invocations=11 (full 0):
 garbage-first heap   total 98304K, used 68365K [0x00000000a1600000, 0x0000000100000000)
  region size 1024K, 57 young (58368K), 5 survivors (5120K)
 Metaspace       used 37286K, capacity 38444K, committed 38608K, reserved 1083392K
  class space    used 4427K, capacity 4867K, committed 4992K, reserved 1048576K
}
Event: 9.242 GC heap after
{Heap after GC invocations=12 (full 0):
 garbage-first heap   total 98304K, used 17334K [0x00000000a1600000, 0x0000000100000000)
  region size 1024K, 5 young (5120K), 5 survivors (5120K)
 Metaspace       used 37286K, capacity 38444K, committed 38608K, reserved 1083392K
  class space    used 4427K, capacity 4867K, committed 4992K, reserved 1048576K
}
Event: 9.789 GC heap before
{Heap before GC invocations=12 (full 0):
 garbage-first heap   total 98304K, used 69558K [0x00000000a1600000, 0x0000000100000000)
  region size 1024K, 57 young (58368K), 5 survivors (5120K)
 Metaspace       used 39198K, capacity 40357K, committed 40528K, reserved 1085440K
  class space    used 4603K, capacity 5035K, committed 5120K, reserved 1048576K
}
Event: 9.798 GC heap after
{Heap after GC invocations=13 (full 0):
 garbage-first heap   total 98304K, used 20326K [0x00000000a1600000, 0x0000000100000000)
  region size 1024K, 6 young (6144K), 6 survivors (6144K)
 Metaspace       used 39198K, capacity 40357K, committed 40528K, reserved 1085440K
  class space    used 4603K, capacity 5035K, committed 5120K, reserved 1048576K
}
Event: 10.152 GC heap before
{Heap before GC invocations=13 (full 0):
 garbage-first heap   total 98304K, used 72550K [0x00000000a1600000, 0x0000000100000000)
  region size 1024K, 57 young (58368K), 6 survivors (6144K)
 Metaspace       used 40019K, capacity 41239K, committed 41424K, reserved 1085440K
  class space    used 4714K, capacity 5180K, committed 5248K, reserved 1048576K
}
Event: 10.159 GC heap after
{Heap after GC invocations=14 (full 0):
 garbage-first heap   total 98304K, used 20491K [0x00000000a1600000, 0x0000000100000000)
  region size 1024K, 5 young (5120K), 5 survivors (5120K)
 Metaspace       used 40019K, capacity 41239K, committed 41424K, reserved 1085440K
  class space    used 4714K, capacity 5180K, committed 5248K, reserved 1048576K
}
Event: 11.308 GC heap before
{Heap before GC invocations=14 (full 0):
 garbage-first heap   total 98304K, used 72715K [0x00000000a1600000, 0x0000000100000000)
  region size 1024K, 57 young (58368K), 5 survivors (5120K)
 Metaspace       used 46106K, capacity 47307K, committed 47440K, reserved 1091584K
  class space    used 5558K, capacity 6047K, committed 6144K, reserved 1048576K
}
Event: 11.318 GC heap after
{Heap after GC invocations=15 (full 0):
 garbage-first heap   total 98304K, used 25227K [0x00000000a1600000, 0x0000000100000000)
  region size 1024K, 8 young (8192K), 8 survivors (8192K)
 Metaspace       used 46106K, capacity 47307K, committed 47440K, reserved 1091584K
  class space    used 5558K, capacity 6047K, committed 6144K, reserved 1048576K
}
Event: 12.245 GC heap before
{Heap before GC invocations=15 (full 0):
 garbage-first heap   total 98304K, used 75403K [0x00000000a1600000, 0x0000000100000000)
  region size 1024K, 57 young (58368K), 8 survivors (8192K)
 Metaspace       used 52498K, capacity 53833K, committed 54096K, reserved 1095680K
  class space    used 6538K, capacity 7059K, committed 7168K, reserved 1048576K
}

Deoptimization events (10 events):
Event: 11.396 Thread 0x000001bfc024f800 Uncommon trap: reason=class_check action=maybe_recompile pc=0x000001bfb10a930c method=org.springframework.beans.factory.support.AbstractBeanFactory.isTypeMatch(Ljava/lang/String;Lorg/springframework/core/ResolvableType;Z)Z @ 53 c2
Event: 11.499 Thread 0x000001bfc024f800 Uncommon trap: reason=unstable_if action=reinterpret pc=0x000001bfb1081c78 method=org.springframework.core.annotation.AnnotationsScanner.processClassHierarchy(Ljava/lang/Object;[ILjava/lang/Class;Lorg/springframework/core/annotation/AnnotationsProcessor;Z
Event: 11.781 Thread 0x000001bfc024f800 Uncommon trap: reason=unstable_if action=reinterpret pc=0x000001bfb10f1918 method=org.springframework.aop.framework.autoproxy.AbstractAutoProxyCreator.predictBeanType(Ljava/lang/Class;Ljava/lang/String;)Ljava/lang/Class; @ 9 c2
Event: 11.781 Thread 0x000001bfc024f800 Uncommon trap: reason=unstable_if action=reinterpret pc=0x000001bfb10e30c4 method=org.springframework.aop.framework.autoproxy.AbstractAutoProxyCreator.predictBeanType(Ljava/lang/Class;Ljava/lang/String;)Ljava/lang/Class; @ 9 c2
Event: 12.037 Thread 0x000001bfc024f800 Uncommon trap: reason=bimorphic_or_optimized_type_check action=maybe_recompile pc=0x000001bfb0febe8c method=java.util.Collections$SetFromMap.contains(Ljava/lang/Object;)Z @ 5 c2
Event: 12.038 Thread 0x000001bfc024f800 Uncommon trap: reason=unstable_if action=reinterpret pc=0x000001bfb0f65654 method=org.springframework.util.Assert.notNull(Ljava/lang/Object;Ljava/lang/String;)V @ 1 c2
Event: 12.148 Thread 0x000001bfc4e41800 Uncommon trap: reason=unstable_if action=reinterpret pc=0x000001bfb10d8d74 method=java.net.URLStreamHandler.parseURL(Ljava/net/URL;Ljava/lang/String;II)V @ 155 c2
Event: 12.148 Thread 0x000001bfc4e41800 Uncommon trap: reason=unstable_if action=reinterpret pc=0x000001bfb0f5651c method=sun.net.util.IPAddressUtil.scan(Ljava/lang/String;JJ[C)I @ 14 c2
Event: 12.150 Thread 0x000001bfc024f800 Uncommon trap: reason=unstable_if action=reinterpret pc=0x000001bfb1072e08 method=java.util.concurrent.ConcurrentHashMap.putVal(Ljava/lang/Object;Ljava/lang/Object;Z)Ljava/lang/Object; @ 401 c2
Event: 12.151 Thread 0x000001bfc024f800 Uncommon trap: reason=unstable_if action=reinterpret pc=0x000001bfb0e99a54 method=java.util.concurrent.ConcurrentHashMap.get(Ljava/lang/Object;)Ljava/lang/Object; @ 86 c2

Classes redefined (0 events):
No events

Internal exceptions (10 events):
Event: 11.377 Thread 0x000001bfc024f800 Exception <a 'java/lang/ClassNotFoundException'{0x00000000a72772d8}: java/lang/ObjectCustomizer> (0x00000000a72772d8) thrown at [./open/src/hotspot/share/classfile/systemDictionary.cpp, line 228]
Event: 11.379 Thread 0x000001bfc024f800 Exception <a 'java/lang/ClassNotFoundException'{0x00000000a72d4f20}: org/springframework/web/servlet/config/annotation/WebMvcConfigurationSupportCustomizer> (0x00000000a72d4f20) thrown at [./open/src/hotspot/share/classfile/systemDictionary.cpp, line 228]
Event: 11.382 Thread 0x000001bfc024f800 Exception <a 'java/lang/ClassNotFoundException'{0x00000000a72f8918}: org/springframework/web/servlet/config/annotation/DelegatingWebMvcConfigurationCustomizer> (0x00000000a72f8918) thrown at [./open/src/hotspot/share/classfile/systemDictionary.cpp, line 2
Event: 11.392 Thread 0x000001bfc024f800 Exception <a 'java/lang/ClassNotFoundException'{0x00000000a7156fc0}: org/springframework/context/ApplicationContextAwareCustomizer> (0x00000000a7156fc0) thrown at [./open/src/hotspot/share/classfile/systemDictionary.cpp, line 228]
Event: 11.393 Thread 0x000001bfc024f800 Exception <a 'java/lang/ClassNotFoundException'{0x00000000a71678e8}: org/springframework/beans/factory/AwareCustomizer> (0x00000000a71678e8) thrown at [./open/src/hotspot/share/classfile/systemDictionary.cpp, line 228]
Event: 11.393 Thread 0x000001bfc024f800 Exception <a 'java/lang/ClassNotFoundException'{0x00000000a7178a10}: org/springframework/web/context/ServletContextAwareCustomizer> (0x00000000a7178a10) thrown at [./open/src/hotspot/share/classfile/systemDictionary.cpp, line 228]
Event: 11.394 Thread 0x000001bfc024f800 Exception <a 'java/lang/ClassNotFoundException'{0x00000000a7188e10}: org/springframework/beans/factory/AwareCustomizer> (0x00000000a7188e10) thrown at [./open/src/hotspot/share/classfile/systemDictionary.cpp, line 228]
Event: 11.472 Thread 0x000001bfc024f800 Exception <a 'java/lang/ClassNotFoundException'{0x00000000a6d603c0}: java/lang/ObjectCustomizer> (0x00000000a6d603c0) thrown at [./open/src/hotspot/share/classfile/systemDictionary.cpp, line 228]
Event: 11.477 Thread 0x000001bfc024f800 Exception <a 'java/lang/ClassNotFoundException'{0x00000000a6d7a9b8}: org/springframework/security/config/annotation/authentication/configuration/AuthenticationConfigurationCustomizer> (0x00000000a6d7a9b8) thrown at [./open/src/hotspot/share/classfile/syst
Event: 12.134 Thread 0x000001bfc4e41800 Exception <a 'sun/nio/fs/WindowsException'{0x00000000a4b45b98}> (0x00000000a4b45b98) thrown at [./open/src/hotspot/share/prims/jni.cpp, line 611]

Events (10 events):
Event: 12.241 loading class com/jayway/jsonpath/JsonPath done
Event: 12.243 loading class com/jayway/jsonpath/ParseContext
Event: 12.243 loading class com/jayway/jsonpath/ParseContext done
Event: 12.243 loading class com/jayway/jsonpath/internal/ParseContextImpl
Event: 12.243 loading class com/jayway/jsonpath/internal/ParseContextImpl done
Event: 12.245 loading class org/xmlbeam/XBProjector
Event: 12.245 loading class org/xmlbeam/XBProjector done
Event: 12.245 loading class org/postgresql/shaded/com/ongres/scram/common/message/ServerFinalMessage
Event: 12.245 loading class org/postgresql/shaded/com/ongres/scram/common/message/ServerFinalMessage done
Event: 12.245 Executing VM operation: G1CollectForAllocation


Dynamic libraries:
0x00007ff7adee0000 - 0x00007ff7adeef000 	C:\Program Files\Java\jdk-11.0.9\bin\java.exe
0x00007ffdb9ae0000 - 0x00007ffdb9cd0000 	C:\Windows\SYSTEM32\ntdll.dll
0x00007ffdb9410000 - 0x00007ffdb94c2000 	C:\Windows\System32\KERNEL32.DLL
0x00007ffdb74d0000 - 0x00007ffdb7775000 	C:\Windows\System32\KERNELBASE.dll
0x00007ffdb79e0000 - 0x00007ffdb7ada000 	C:\Windows\System32\ucrtbase.dll
0x00007ffd8edf0000 - 0x00007ffd8ee08000 	C:\Program Files\Java\jdk-11.0.9\bin\jli.dll
0x00007ffdb8380000 - 0x00007ffdb8423000 	C:\Windows\System32\ADVAPI32.dll
0x00007ffdb7c40000 - 0x00007ffdb7cde000 	C:\Windows\System32\msvcrt.dll
0x00007ffdb8110000 - 0x00007ffdb81a7000 	C:\Windows\System32\sechost.dll
0x00007ffdb92d0000 - 0x00007ffdb93ef000 	C:\Windows\System32\RPCRT4.dll
0x00007ffdb9680000 - 0x00007ffdb9814000 	C:\Windows\System32\USER32.dll
0x00007ffdb79b0000 - 0x00007ffdb79d1000 	C:\Windows\System32\win32u.dll
0x00007ffdb7e20000 - 0x00007ffdb7e46000 	C:\Windows\System32\GDI32.dll
0x00007ffdb7810000 - 0x00007ffdb79a8000 	C:\Windows\System32\gdi32full.dll
0x00007ffdb72e0000 - 0x00007ffdb737e000 	C:\Windows\System32\msvcp_win.dll
0x00007ffda5430000 - 0x00007ffda56b4000 	C:\Windows\WinSxS\amd64_microsoft.windows.common-controls_6595b64144ccf1df_6.0.18362.1316_none_9e7a364fe461dbd7\COMCTL32.dll
0x00007ffdb88a0000 - 0x00007ffdb8bd7000 	C:\Windows\System32\combase.dll
0x00007ffdb7780000 - 0x00007ffdb7801000 	C:\Windows\System32\bcryptPrimitives.dll
0x00007ffdb1af0000 - 0x00007ffdb1afa000 	C:\Windows\SYSTEM32\VERSION.dll
0x00007ffd8edd0000 - 0x00007ffd8ede5000 	C:\Program Files\Java\jdk-11.0.9\bin\VCRUNTIME140.dll
0x00007ffdb7e50000 - 0x00007ffdb7e7e000 	C:\Windows\System32\IMM32.DLL
0x00007ffd7bfb0000 - 0x00007ffd7c04b000 	C:\Program Files\Java\jdk-11.0.9\bin\msvcp140.dll
0x00007ffd6ac90000 - 0x00007ffd6b787000 	C:\Program Files\Java\jdk-11.0.9\bin\server\jvm.dll
0x00007ffdb7fc0000 - 0x00007ffdb7fc8000 	C:\Windows\System32\PSAPI.DLL
0x00007ffda41d0000 - 0x00007ffda41d9000 	C:\Windows\SYSTEM32\WSOCK32.dll
0x00007ffdb81b0000 - 0x00007ffdb821f000 	C:\Windows\System32\WS2_32.dll
0x00007ffdadcd0000 - 0x00007ffdadcf4000 	C:\Windows\SYSTEM32\WINMM.dll
0x00007ffdada90000 - 0x00007ffdadabd000 	C:\Windows\SYSTEM32\WINMMBASE.dll
0x00007ffdb7290000 - 0x00007ffdb72da000 	C:\Windows\System32\cfgmgr32.dll
0x00007ffdb69a0000 - 0x00007ffdb69b1000 	C:\Windows\System32\kernel.appcore.dll
0x00007ffda4e50000 - 0x00007ffda4e60000 	C:\Program Files\Java\jdk-11.0.9\bin\verify.dll
0x00007ffdb1150000 - 0x00007ffdb1344000 	C:\Windows\SYSTEM32\DBGHELP.DLL
0x00007ffdb0a80000 - 0x00007ffdb0aaa000 	C:\Windows\SYSTEM32\dbgcore.DLL
0x00007ffd80c80000 - 0x00007ffd80ca8000 	C:\Program Files\Java\jdk-11.0.9\bin\java.dll
0x00007ffd8edc0000 - 0x00007ffd8edca000 	C:\Program Files\Java\jdk-11.0.9\bin\jimage.dll
0x00007ffd8edb0000 - 0x00007ffd8edbe000 	C:\Program Files\Java\jdk-11.0.9\bin\instrument.dll
0x00007ffd8aa60000 - 0x00007ffd8aa76000 	C:\Program Files\Java\jdk-11.0.9\bin\zip.dll
0x00007ffdb8be0000 - 0x00007ffdb92c8000 	C:\Windows\System32\SHELL32.dll
0x00007ffdb7b90000 - 0x00007ffdb7c37000 	C:\Windows\System32\shcore.dll
0x00007ffdb6a60000 - 0x00007ffdb71db000 	C:\Windows\System32\windows.storage.dll
0x00007ffdb6a30000 - 0x00007ffdb6a53000 	C:\Windows\System32\profapi.dll
0x00007ffdb69e0000 - 0x00007ffdb6a2a000 	C:\Windows\System32\powrprof.dll
0x00007ffdb6990000 - 0x00007ffdb69a0000 	C:\Windows\System32\UMPDC.dll
0x00007ffdb7f60000 - 0x00007ffdb7fb2000 	C:\Windows\System32\shlwapi.dll
0x00007ffdb7b70000 - 0x00007ffdb7b87000 	C:\Windows\System32\cryptsp.dll
0x00007ffd85ce0000 - 0x00007ffd85cf9000 	C:\Program Files\Java\jdk-11.0.9\bin\net.dll
0x00007ffdb1dc0000 - 0x00007ffdb1eb0000 	C:\Windows\SYSTEM32\WINHTTP.dll
0x00007ffdb6170000 - 0x00007ffdb61d7000 	C:\Windows\system32\mswsock.dll
0x00007ffd85c00000 - 0x00007ffd85c12000 	C:\Program Files\Java\jdk-11.0.9\bin\nio.dll
0x00007ffd80af0000 - 0x00007ffd80b0a000 	C:\Program Files\JetBrains\IntelliJ IDEA Community Edition 2020.3\bin\breakgen64.dll
0x00007ffd89b40000 - 0x00007ffd89b49000 	C:\Program Files\Java\jdk-11.0.9\bin\management.dll
0x00007ffd85e40000 - 0x00007ffd85e4b000 	C:\Program Files\Java\jdk-11.0.9\bin\management_ext.dll
0x00007ffda4210000 - 0x00007ffda4226000 	C:\Windows\system32\napinsp.dll
0x00007ffda41f0000 - 0x00007ffda420a000 	C:\Windows\system32\pnrpnsp.dll
0x00007ffdb5ec0000 - 0x00007ffdb5f8b000 	C:\Windows\SYSTEM32\DNSAPI.dll
0x00007ffdb7f50000 - 0x00007ffdb7f58000 	C:\Windows\System32\NSI.dll
0x00007ffdb5e80000 - 0x00007ffdb5eba000 	C:\Windows\SYSTEM32\IPHLPAPI.DLL
0x00007ffda41e0000 - 0x00007ffda41ee000 	C:\Windows\System32\winrnr.dll
0x00007ffdb14b0000 - 0x00007ffdb14cc000 	C:\Windows\system32\NLAapi.dll
0x00007ffdb2460000 - 0x00007ffdb2475000 	C:\Windows\system32\wshbth.dll
0x00007ffdad3d0000 - 0x00007ffdad3da000 	C:\Windows\System32\rasadhlp.dll
0x00007ffdadfd0000 - 0x00007ffdae047000 	C:\Windows\System32\fwpuclnt.dll
0x00007ffdb7ae0000 - 0x00007ffdb7b06000 	C:\Windows\System32\bcrypt.dll
0x00007ffdb5cf0000 - 0x00007ffdb5d23000 	C:\Windows\system32\rsaenh.dll
0x00007ffdb68b0000 - 0x00007ffdb68d5000 	C:\Windows\SYSTEM32\USERENV.dll
0x00007ffdb6340000 - 0x00007ffdb634c000 	C:\Windows\SYSTEM32\CRYPTBASE.dll
0x00007ffdae6b0000 - 0x00007ffdae6c6000 	C:\Windows\SYSTEM32\dhcpcsvc6.DLL
0x00007ffdae890000 - 0x00007ffdae8ac000 	C:\Windows\SYSTEM32\dhcpcsvc.DLL
0x00007ffd80480000 - 0x00007ffd804a5000 	C:\Program Files\Java\jdk-11.0.9\bin\sunec.dll
0x00007ffd83930000 - 0x00007ffd8393d000 	C:\Program Files\Java\jdk-11.0.9\bin\sunmscapi.dll
0x00007ffdb7380000 - 0x00007ffdb74ca000 	C:\Windows\System32\CRYPT32.dll
0x00007ffdb69c0000 - 0x00007ffdb69d2000 	C:\Windows\System32\MSASN1.dll
0x00007ffdb6440000 - 0x00007ffdb6466000 	C:\Windows\SYSTEM32\ncrypt.dll
0x00007ffdb6400000 - 0x00007ffdb643b000 	C:\Windows\SYSTEM32\NTASN1.dll

dbghelp: loaded successfully - version: 4.0.5 - missing functions: none
symbol engine: initialized successfully - sym options: 0x614 - pdb path: .;C:\Program Files\Java\jdk-11.0.9\bin;C:\Windows\SYSTEM32;C:\Windows\WinSxS\amd64_microsoft.windows.common-controls_6595b64144ccf1df_6.0.18362.1316_none_9e7a364fe461dbd7;C:\Program Files\Java\jdk-11.0.9\bin\server;C:\Program Files\JetBrains\IntelliJ IDEA Community Edition 2020.3\bin

VM Arguments:
jvm_args: -javaagent:C:\Program Files\JetBrains\IntelliJ IDEA Community Edition 2020.3\lib\idea_rt.jar=53191:C:\Program Files\JetBrains\IntelliJ IDEA Community Edition 2020.3\bin -Dfile.encoding=UTF-8 
java_command: com.isaproject.isaproject.IsaprojectApplication
java_class_path (initial): C:\Users\Luna\Desktop\ISA\ISA_project\Backend\target\classes;C:\Users\Luna\.m2\repository\org\springframework\boot\spring-boot-starter-security\2.4.0\spring-boot-starter-security-2.4.0.jar;C:\Users\Luna\.m2\repository\org\springframework\boot\spring-boot-starter\2.4.0\spring-boot-starter-2.4.0.jar;C:\Users\Luna\.m2\repository\org\springframework\boot\spring-boot-starter-logging\2.4.0\spring-boot-starter-logging-2.4.0.jar;C:\Users\Luna\.m2\repository\ch\qos\logback\logback-classic\1.2.3\logback-classic-1.2.3.jar;C:\Users\Luna\.m2\repository\ch\qos\logback\logback-core\1.2.3\logback-core-1.2.3.jar;C:\Users\Luna\.m2\repository\org\apache\logging\log4j\log4j-to-slf4j\2.13.3\log4j-to-slf4j-2.13.3.jar;C:\Users\Luna\.m2\repository\org\apache\logging\log4j\log4j-api\2.13.3\log4j-api-2.13.3.jar;C:\Users\Luna\.m2\repository\org\slf4j\jul-to-slf4j\1.7.30\jul-to-slf4j-1.7.30.jar;C:\Users\Luna\.m2\repository\org\yaml\snakeyaml\1.27\snakeyaml-1.27.jar;C:\Users\Luna\.m2\repository\org\springframework\spring-aop\5.3.1\spring-aop-5.3.1.jar;C:\Users\Luna\.m2\repository\org\springframework\security\spring-security-config\5.4.1\spring-security-config-5.4.1.jar;C:\Users\Luna\.m2\repository\org\springframework\security\spring-security-core\5.4.1\spring-security-core-5.4.1.jar;C:\Users\Luna\.m2\repository\org\springframework\security\spring-security-web\5.4.1\spring-security-web-5.4.1.jar;C:\Users\Luna\.m2\repository\io\jsonwebtoken\jjwt\0.6.0\jjwt-0.6.0.jar;C:\Users\Luna\.m2\repository\com\fasterxml\jackson\core\jackson-databind\2.11.3\jackson-databind-2.11.3.jar;C:\Users\Luna\.m2\repository\com\fasterxml\jackson\core\jackson-core\2.11.3\jackson-core-2.11.3.jar;C:\Users\Luna\.m2\repository\com\fasterxml\jackson\core\jackson-annotations\2.11.3\jackson-annotations-2.11.3.jar;C:\Users\Luna\.m2\repository\org\springframework\boot\spring-boot-starter-data-jpa\2.4.0\spring-boot-starter-data-jpa-2.4.0.jar;C:\Users\Luna\.m2\repository\org\springframework\boot\spring-
Launcher Type: SUN_STANDARD

[Global flags]
     intx CICompilerCount                          = 3                                         {product} {ergonomic}
     uint ConcGCThreads                            = 1                                         {product} {ergonomic}
     uint G1ConcRefinementThreads                  = 4                                         {product} {ergonomic}
   size_t G1HeapRegionSize                         = 1048576                                   {product} {ergonomic}
    uintx GCDrainStackTargetSize                   = 64                                        {product} {ergonomic}
   size_t InitialHeapSize                          = 100663296                                 {product} {ergonomic}
   size_t MarkStackSize                            = 4194304                                   {product} {ergonomic}
   size_t MaxHeapSize                              = 1587544064                                {product} {ergonomic}
   size_t MaxNewSize                               = 952107008                                 {product} {ergonomic}
   size_t MinHeapDeltaBytes                        = 1048576                                   {product} {ergonomic}
    uintx NonNMethodCodeHeapSize                   = 5830732                                {pd product} {ergonomic}
    uintx NonProfiledCodeHeapSize                  = 122913754                              {pd product} {ergonomic}
    uintx ProfiledCodeHeapSize                     = 122913754                              {pd product} {ergonomic}
    uintx ReservedCodeCacheSize                    = 251658240                              {pd product} {ergonomic}
     bool SegmentedCodeCache                       = true                                      {product} {ergonomic}
     bool UseCompressedClassPointers               = true                                 {lp64_product} {ergonomic}
     bool UseCompressedOops                        = true                                 {lp64_product} {ergonomic}
     bool UseG1GC                                  = true                                      {product} {ergonomic}
     bool UseLargePagesIndividualAllocation        = false                                  {pd product} {ergonomic}

Logging:
Log output configuration:
 #0: stdout all=warning uptime,level,tags
 #1: stderr all=off uptime,level,tags

Environment Variables:
JAVA_HOME=C:\Program Files\Java\jdk-11.0.9
JRE_HOME=C:\Program Files\Java\jre1.8.0_251
PATH=C:\Program Files\Common Files\Oracle\Java\javapath;C:\Program Files (x86)\Common Files\Oracle\Java\javapath;C:\Windows\system32;C:\Windows;C:\Windows\System32\Wbem;C:\Windows\System32\WindowsPowerShell\v1.0\;C:\Windows\System32\OpenSSH\;C:\Program Files\Java\jdk-14.0.1\bin;C:\Program Files\Git\cmd;C:\Program Files\dotnet\;C:\Program Files\Microsoft SQL Server\130\Tools\Binn\;C:\Users\Luna\AppData\Roaming\nvm;C:\Program Files\nodejs;C:\Program Files\Microsoft SQL Server\Client SDK\ODBC\170\Tools\Binn\;C:\Program Files\Tesseract-OCR;C:\Program Files\PostgreSQL\13;C:\Program Files\MySQL\MySQL Shell 8.0\bin\;C:\Users\Luna\AppData\Local\Microsoft\WindowsApps;C:\Users\Luna\AppData\Roaming\npm;C:\Users\Luna\AppData\Local\Programs\Microsoft VS Code\bin;C:\Users\Luna\.dotnet\tools;C:\Users\Luna\AppData\Roaming\nvm;C:\Program Files\nodejs;C:\Program Files\heroku\bin
USERNAME=Luna
OS=Windows_NT
PROCESSOR_IDENTIFIER=Intel64 Family 6 Model 142 Stepping 9, GenuineIntel



---------------  S Y S T E M  ---------------

OS: Windows 10 , 64 bit Build 18362 (10.0.18362.1316)

CPU:total 4 (initial active 4) (2 cores per cpu, 2 threads per core) family 6 model 142 stepping 9, cmov, cx8, fxsr, mmx, sse, sse2, sse3, ssse3, sse4.1, sse4.2, popcnt, avx, avx2, aes, clmul, erms, 3dnowpref, lzcnt, ht, tsc, tscinvbit, bmi1, bmi2, adx, fma

Memory: 4k page, system-wide physical 6052M (410M free)
TotalPageFile size 15268M (AvailPageFile size 3169M)
current process WorkingSet (physical memory assigned to process): 232M, peak: 250M
current process commit charge ("private bytes"): 272M, peak: 299M

vm_info: Java HotSpot(TM) 64-Bit Server VM (11.0.9+7-LTS) for windows-amd64 JRE (11.0.9+7-LTS), built on Sep 15 2020 16:47:03 by "mach5one" with MS VC++ 15.9 (VS2017)

END.
